0 info it worked if it ends with ok
1 verbose cli [ '/usr/bin/node', '/usr/bin/npm', 'install', '-g', 'forever' ]
2 info using npm@1.4.28
3 info using node@v0.10.32
4 verbose node symlink /usr/bin/node
5 verbose cache add [ 'forever', null ]
6 verbose cache add name=undefined spec="forever" args=["forever",null]
7 verbose parsed url { protocol: null,
7 verbose parsed url   slashes: null,
7 verbose parsed url   auth: null,
7 verbose parsed url   host: null,
7 verbose parsed url   port: null,
7 verbose parsed url   hostname: null,
7 verbose parsed url   hash: null,
7 verbose parsed url   search: null,
7 verbose parsed url   query: null,
7 verbose parsed url   pathname: 'forever',
7 verbose parsed url   path: 'forever',
7 verbose parsed url   href: 'forever' }
8 silly lockFile e07f8c4a-forever forever
9 verbose lock forever /home/man3/.npm/e07f8c4a-forever.lock
10 silly lockFile e07f8c4a-forever forever
11 silly lockFile e07f8c4a-forever forever
12 verbose addNamed [ 'forever', '' ]
13 verbose addNamed [ null, '*' ]
14 silly lockFile 28ef027b-forever forever@
15 verbose lock forever@ /home/man3/.npm/28ef027b-forever.lock
16 silly addNameRange { name: 'forever', range: '*', hasData: false }
17 verbose request where is /forever
18 verbose request registry https://registry.npmjs.org/
19 verbose request id 382d99f10d3b059d
20 verbose url raw /forever
21 verbose url resolving [ 'https://registry.npmjs.org/', './forever' ]
22 verbose url resolved https://registry.npmjs.org/forever
23 verbose request where is https://registry.npmjs.org/forever
24 info trying registry request attempt 1 at 13:54:47
25 http GET https://registry.npmjs.org/forever
26 http 200 https://registry.npmjs.org/forever
27 silly registry.get cb [ 200,
27 silly registry.get   { date: 'Thu, 02 Oct 2014 06:54:48 GMT',
27 silly registry.get     server: 'CouchDB/1.5.0 (Erlang OTP/R16B03)',
27 silly registry.get     etag: '"CYPMSM9P2E68G9VTTL0EUPMNW"',
27 silly registry.get     'content-type': 'application/json',
27 silly registry.get     'cache-control': 'max-age=60',
27 silly registry.get     'content-length': '64590',
27 silly registry.get     'accept-ranges': 'bytes',
27 silly registry.get     via: '1.1 varnish',
27 silly registry.get     age: '6813',
27 silly registry.get     'x-served-by': 'cache-lax1435-LAX',
27 silly registry.get     'x-cache': 'HIT',
27 silly registry.get     'x-cache-hits': '1',
27 silly registry.get     'x-timer': 'S1412232888.242365,VS0,VE176',
27 silly registry.get     vary: 'Accept',
27 silly registry.get     'keep-alive': 'timeout=10, max=50',
27 silly registry.get     connection: 'Keep-Alive' } ]
28 silly addNameRange number 2 { name: 'forever', range: '*', hasData: true }
29 silly addNameRange versions [ 'forever',
29 silly addNameRange   [ '0.6.0',
29 silly addNameRange     '0.6.1',
29 silly addNameRange     '0.6.2',
29 silly addNameRange     '0.6.3',
29 silly addNameRange     '0.6.4',
29 silly addNameRange     '0.6.5',
29 silly addNameRange     '0.6.6',
29 silly addNameRange     '0.6.7',
29 silly addNameRange     '0.6.8',
29 silly addNameRange     '0.6.9',
29 silly addNameRange     '0.7.0',
29 silly addNameRange     '0.7.1',
29 silly addNameRange     '0.7.2',
29 silly addNameRange     '0.7.3',
29 silly addNameRange     '0.7.4',
29 silly addNameRange     '0.7.5',
29 silly addNameRange     '0.8.0',
29 silly addNameRange     '0.8.1',
29 silly addNameRange     '0.8.2',
29 silly addNameRange     '0.8.3',
29 silly addNameRange     '0.8.4',
29 silly addNameRange     '0.8.5',
29 silly addNameRange     '0.9.0',
29 silly addNameRange     '0.9.1',
29 silly addNameRange     '0.9.2',
29 silly addNameRange     '0.10.0',
29 silly addNameRange     '0.10.5',
29 silly addNameRange     '0.10.6',
29 silly addNameRange     '0.10.7',
29 silly addNameRange     '0.10.8',
29 silly addNameRange     '0.10.9',
29 silly addNameRange     '0.10.10',
29 silly addNameRange     '0.10.11',
29 silly addNameRange     '0.11.0',
29 silly addNameRange     '0.11.1' ] ]
30 verbose addNamed [ 'forever', '0.11.1' ]
31 verbose addNamed [ '0.11.1', '0.11.1' ]
32 silly lockFile 4466a206-forever-0-11-1 forever@0.11.1
33 verbose lock forever@0.11.1 /home/man3/.npm/4466a206-forever-0-11-1.lock
34 silly lockFile 10f1a948-s-org-forever-forever-0-11-1-tgz https://registry.npmjs.org/forever/-/forever-0.11.1.tgz
35 verbose lock https://registry.npmjs.org/forever/-/forever-0.11.1.tgz /home/man3/.npm/10f1a948-s-org-forever-forever-0-11-1-tgz.lock
36 verbose addRemoteTarball [ 'https://registry.npmjs.org/forever/-/forever-0.11.1.tgz',
36 verbose addRemoteTarball   '50ac8744c0a6e0c266524c4746397f74d6b09c5b' ]
37 info retry fetch attempt 1 at 13:54:50
38 verbose fetch to= /tmp/npm-15975-zAFWNDZn/registry.npmjs.org/forever/-/forever-0.11.1.tgz
39 http GET https://registry.npmjs.org/forever/-/forever-0.11.1.tgz
40 http 200 https://registry.npmjs.org/forever/-/forever-0.11.1.tgz
41 silly lockFile 10f1a948-s-org-forever-forever-0-11-1-tgz https://registry.npmjs.org/forever/-/forever-0.11.1.tgz
42 silly lockFile 10f1a948-s-org-forever-forever-0-11-1-tgz https://registry.npmjs.org/forever/-/forever-0.11.1.tgz
43 silly lockFile 4466a206-forever-0-11-1 forever@0.11.1
44 silly lockFile 4466a206-forever-0-11-1 forever@0.11.1
45 silly lockFile 28ef027b-forever forever@
46 silly lockFile 28ef027b-forever forever@
47 silly resolved [ { name: 'forever',
47 silly resolved     preferGlobal: 'true',
47 silly resolved     description: 'A simple CLI tool for ensuring that a given node script runs continuously (i.e. forever)',
47 silly resolved     version: '0.11.1',
47 silly resolved     author: { name: 'Nodejitsu Inc.', email: 'info@nodejitsu.com' },
47 silly resolved     maintainers: [ [Object], [Object], [Object], [Object], [Object], [Object] ],
47 silly resolved     repository: { type: 'git', url: 'http://github.com/nodejitsu/forever.git' },
47 silly resolved     keywords: [ 'cli', 'fault tolerant', 'sysadmin', 'tools' ],
47 silly resolved     dependencies:
47 silly resolved      { colors: '~0.6.2',
47 silly resolved        cliff: '0.1.8',
47 silly resolved        flatiron: '~0.3.11',
47 silly resolved        'forever-monitor': '1.2.3',
47 silly resolved        nconf: '~0.6.9',
47 silly resolved        nssocket: '~0.5.1',
47 silly resolved        optimist: '~0.6.0',
47 silly resolved        pkginfo: '0.3.0',
47 silly resolved        timespan: '~2.3.0',
47 silly resolved        watch: '~0.8.0',
47 silly resolved        utile: '~0.2.1',
47 silly resolved        winston: '~0.7.2' },
47 silly resolved     devDependencies:
47 silly resolved      { broadway: '0.2.x',
47 silly resolved        eventemitter2: '0.4.x',
47 silly resolved        request: '2.x.x',
47 silly resolved        vows: '0.7.x' },
47 silly resolved     bin: { forever: './bin/forever', foreverd: './bin/foreverd' },
47 silly resolved     main: './lib/forever',
47 silly resolved     scripts: { test: 'vows test/**/*-test.js --spec -i' },
47 silly resolved     engines: { node: '>= 0.8.x' },
47 silly resolved     bugs: { url: 'https://github.com/nodejitsu/forever/issues' },
47 silly resolved     homepage: 'https://github.com/nodejitsu/forever',
47 silly resolved     _id: 'forever@0.11.1',
47 silly resolved     dist:
47 silly resolved      { shasum: '50ac8744c0a6e0c266524c4746397f74d6b09c5b',
47 silly resolved        tarball: 'http://registry.npmjs.org/forever/-/forever-0.11.1.tgz' },
47 silly resolved     _from: 'forever@',
47 silly resolved     _npmVersion: '1.4.3',
47 silly resolved     _npmUser: { name: 'julianduque', email: 'julianduquej@gmail.com' },
47 silly resolved     directories: {},
47 silly resolved     _shasum: '50ac8744c0a6e0c266524c4746397f74d6b09c5b',
47 silly resolved     _resolved: 'https://registry.npmjs.org/forever/-/forever-0.11.1.tgz' } ]
48 info install forever@0.11.1 into /usr/lib
49 info installOne forever@0.11.1
50 verbose lib/node_modules/forever unbuild
51 verbose tar unpack /home/man3/.npm/forever/0.11.1/package.tgz
52 silly lockFile b3dddd35-tar-usr-lib-node-modules-forever tar:///usr/lib/node_modules/forever
53 verbose lock tar:///usr/lib/node_modules/forever /home/man3/.npm/b3dddd35-tar-usr-lib-node-modules-forever.lock
54 silly lockFile 5d94fc33-3-npm-forever-0-11-1-package-tgz tar:///home/man3/.npm/forever/0.11.1/package.tgz
55 verbose lock tar:///home/man3/.npm/forever/0.11.1/package.tgz /home/man3/.npm/5d94fc33-3-npm-forever-0-11-1-package-tgz.lock
56 silly gunzTarPerm modes [ '755', '644' ]
57 error Error: EACCES, mkdir '/usr/lib/node_modules/forever'
57 error  { [Error: EACCES, mkdir '/usr/lib/node_modules/forever']
57 error   errno: 3,
57 error   code: 'EACCES',
57 error   path: '/usr/lib/node_modules/forever',
57 error   fstream_type: 'Directory',
57 error   fstream_path: '/usr/lib/node_modules/forever',
57 error   fstream_class: 'DirWriter',
57 error   fstream_stack:
57 error    [ '/usr/lib/node_modules/npm/node_modules/fstream/lib/dir-writer.js:36:23',
57 error      '/usr/lib/node_modules/npm/node_modules/mkdirp/index.js:46:53',
57 error      'Object.oncomplete (fs.js:107:15)' ] }
58 error Please try running this command again as root/Administrator.
59 error System Linux 3.13.0-24-generic
60 error command "/usr/bin/node" "/usr/bin/npm" "install" "-g" "forever"
61 error cwd /var/www/virtual/l4nodejs/nodejs
62 error node -v v0.10.32
63 error npm -v 1.4.28
64 error path /usr/lib/node_modules/forever
65 error fstream_path /usr/lib/node_modules/forever
66 error fstream_type Directory
67 error fstream_class DirWriter
68 error code EACCES
69 error errno 3
70 error stack Error: EACCES, mkdir '/usr/lib/node_modules/forever'
71 error fstream_stack /usr/lib/node_modules/npm/node_modules/fstream/lib/dir-writer.js:36:23
71 error fstream_stack /usr/lib/node_modules/npm/node_modules/mkdirp/index.js:46:53
71 error fstream_stack Object.oncomplete (fs.js:107:15)
72 verbose exit [ 3, true ]
